2023-07-21 20:10:56,554 [Worker-8: Loading available Gradle versions] INFO  o.e.b.c.i.u.g.PublishedGradleVersions - Gradle version information cache is up-to-date. Trying to read.
2023-07-21 20:12:36,671 [Worker-9: Importing Maven projects] INFO  o.e.m.c.i.l.LifecycleMappingFactory - Using org.eclipse.m2e.jdt.JarLifecycleMapping lifecycle mapping for MavenProject: br.ce.wcaquino:TestesUnitarios:0.0.1-SNAPSHOT @ C:\Users\Lucas\Desktop\TestesUnitários\TestesUnitarios+-+inicio\TestesUnitarios\pom.xml.
2023-07-21 20:12:37,669 [Worker-9: Importing Maven projects] INFO  o.e.m.j.i.AbstractJavaProjectConfigurator - Adding source folder /TestesUnitarios/src/main/java
2023-07-21 20:12:37,670 [Worker-9: Importing Maven projects] INFO  o.e.m.j.i.AbstractJavaProjectConfigurator - Adding source folder /TestesUnitarios/src/test/java
2023-07-21 20:12:37,797 [Worker-9: Importing Maven projects] INFO  o.e.m.c.i.p.ProjectConfigurationManager - Imported and configured 1 project(s) in 4 sec
2023-07-21 20:12:38,524 [Worker-7: Building] WARN  o.e.m.c.i.embedder.EclipseLogger - Using platform encoding (Cp1252 actually) to copy filtered resources, i.e. build is platform dependent!
2023-07-21 20:12:38,525 [Worker-7: Building] INFO  o.e.m.c.i.embedder.EclipseLogger - skip non existing resourceDirectory C:\Users\Lucas\Desktop\TestesUnitários\TestesUnitarios+-+inicio\TestesUnitarios\src\main\resources
2023-07-21 20:12:38,527 [Worker-7: Building] WARN  o.e.m.c.i.embedder.EclipseLogger - Using platform encoding (Cp1252 actually) to copy filtered resources, i.e. build is platform dependent!
2023-07-21 20:12:38,528 [Worker-7: Building] INFO  o.e.m.c.i.embedder.EclipseLogger - skip non existing resourceDirectory C:\Users\Lucas\Desktop\TestesUnitários\TestesUnitarios+-+inicio\TestesUnitarios\src\test\resources
2023-07-21 20:22:34,944 [Worker-33: Building] WARN  o.e.m.c.i.embedder.EclipseLogger - Using platform encoding (Cp1252 actually) to copy filtered resources, i.e. build is platform dependent!
2023-07-21 20:22:34,945 [Worker-33: Building] INFO  o.e.m.c.i.embedder.EclipseLogger - skip non existing resourceDirectory C:\Users\Lucas\Desktop\TestesUnitários\TestesUnitarios+-+inicio\TestesUnitarios\src\main\resources
2023-07-21 20:22:34,946 [Worker-33: Building] WARN  o.e.m.c.i.embedder.EclipseLogger - Using platform encoding (Cp1252 actually) to copy filtered resources, i.e. build is platform dependent!
2023-07-21 20:22:34,947 [Worker-33: Building] INFO  o.e.m.c.i.embedder.EclipseLogger - skip non existing resourceDirectory C:\Users\Lucas\Desktop\TestesUnitários\TestesUnitarios+-+inicio\TestesUnitarios\src\test\resources
2023-07-21 20:26:15,980 [Worker-33: Building] WARN  o.e.m.c.i.embedder.EclipseLogger - Using platform encoding (Cp1252 actually) to copy filtered resources, i.e. build is platform dependent!
2023-07-21 20:26:15,981 [Worker-33: Building] INFO  o.e.m.c.i.embedder.EclipseLogger - skip non existing resourceDirectory C:\Users\Lucas\Desktop\TestesUnitários\TestesUnitarios+-+inicio\TestesUnitarios\src\main\resources
2023-07-21 20:26:15,982 [Worker-33: Building] WARN  o.e.m.c.i.embedder.EclipseLogger - Using platform encoding (Cp1252 actually) to copy filtered resources, i.e. build is platform dependent!
2023-07-21 20:26:15,983 [Worker-33: Building] INFO  o.e.m.c.i.embedder.EclipseLogger - skip non existing resourceDirectory C:\Users\Lucas\Desktop\TestesUnitários\TestesUnitarios+-+inicio\TestesUnitarios\src\test\resources
2023-07-21 20:27:15,523 [Worker-38: Building] WARN  o.e.m.c.i.embedder.EclipseLogger - Using platform encoding (Cp1252 actually) to copy filtered resources, i.e. build is platform dependent!
2023-07-21 20:27:15,524 [Worker-38: Building] INFO  o.e.m.c.i.embedder.EclipseLogger - skip non existing resourceDirectory C:\Users\Lucas\Desktop\TestesUnitários\TestesUnitarios+-+inicio\TestesUnitarios\src\main\resources
2023-07-21 20:27:15,525 [Worker-38: Building] WARN  o.e.m.c.i.embedder.EclipseLogger - Using platform encoding (Cp1252 actually) to copy filtered resources, i.e. build is platform dependent!
2023-07-21 20:27:15,526 [Worker-38: Building] INFO  o.e.m.c.i.embedder.EclipseLogger - skip non existing resourceDirectory C:\Users\Lucas\Desktop\TestesUnitários\TestesUnitarios+-+inicio\TestesUnitarios\src\test\resources
2023-07-21 20:27:41,132 [Worker-40: Building] WARN  o.e.m.c.i.embedder.EclipseLogger - Using platform encoding (Cp1252 actually) to copy filtered resources, i.e. build is platform dependent!
2023-07-21 20:27:41,133 [Worker-40: Building] INFO  o.e.m.c.i.embedder.EclipseLogger - skip non existing resourceDirectory C:\Users\Lucas\Desktop\TestesUnitários\TestesUnitarios+-+inicio\TestesUnitarios\src\main\resources
2023-07-21 20:27:41,134 [Worker-40: Building] WARN  o.e.m.c.i.embedder.EclipseLogger - Using platform encoding (Cp1252 actually) to copy filtered resources, i.e. build is platform dependent!
2023-07-21 20:27:41,134 [Worker-40: Building] INFO  o.e.m.c.i.embedder.EclipseLogger - skip non existing resourceDirectory C:\Users\Lucas\Desktop\TestesUnitários\TestesUnitarios+-+inicio\TestesUnitarios\src\test\resources
2023-07-21 20:28:38,638 [Worker-37: Building] WARN  o.e.m.c.i.embedder.EclipseLogger - Using platform encoding (Cp1252 actually) to copy filtered resources, i.e. build is platform dependent!
2023-07-21 20:28:38,639 [Worker-37: Building] INFO  o.e.m.c.i.embedder.EclipseLogger - skip non existing resourceDirectory C:\Users\Lucas\Desktop\TestesUnitários\TestesUnitarios+-+inicio\TestesUnitarios\src\main\resources
2023-07-21 20:28:38,640 [Worker-37: Building] WARN  o.e.m.c.i.embedder.EclipseLogger - Using platform encoding (Cp1252 actually) to copy filtered resources, i.e. build is platform dependent!
2023-07-21 20:28:38,641 [Worker-37: Building] INFO  o.e.m.c.i.embedder.EclipseLogger - skip non existing resourceDirectory C:\Users\Lucas\Desktop\TestesUnitários\TestesUnitarios+-+inicio\TestesUnitarios\src\test\resources
2023-07-21 20:30:18,935 [Worker-42: Building] ERROR o.e.m.c.i.p.r.ProjectRegistryManager - File not found: C:\Users\Lucas\Desktop\TestesUnitários\TestesUnitarios+-+inicio\TestesUnitarios\pom.xml.
org.eclipse.core.internal.resources.ResourceException: File not found: C:\Users\Lucas\Desktop\TestesUnitários\TestesUnitarios+-+inicio\TestesUnitarios\pom.xml.
	at org.eclipse.core.internal.localstore.FileSystemResourceManager.read(FileSystemResourceManager.java:835)
	at org.eclipse.core.internal.resources.File.getContents(File.java:277)
	at org.eclipse.core.internal.resources.File.getContents(File.java:268)
	at org.eclipse.m2e.core.internal.project.registry.ProjectRegistryManager.refreshPhase2(ProjectRegistryManager.java:583)
	at org.eclipse.m2e.core.internal.project.registry.ProjectRegistryManager.refresh(ProjectRegistryManager.java:485)
	at org.eclipse.m2e.core.internal.project.registry.ProjectRegistryManager.refresh(ProjectRegistryManager.java:362)
	at org.eclipse.m2e.core.internal.project.registry.ProjectRegistryManager.refresh(ProjectRegistryManager.java:314)
	at org.eclipse.m2e.core.internal.builder.MavenBuilder$BuildMethod.getProjectFacade(MavenBuilder.java:146)
	at org.eclipse.m2e.core.internal.builder.MavenBuilder$BuildMethod.lambda$0(MavenBuilder.java:84)
	at org.eclipse.m2e.core.internal.embedder.MavenExecutionContext.executeBare(MavenExecutionContext.java:394)
	at org.eclipse.m2e.core.internal.embedder.MavenExecutionContext.execute(MavenExecutionContext.java:275)
	at org.eclipse.m2e.core.internal.embedder.MavenExecutionContext.execute(MavenExecutionContext.java:214)
	at org.eclipse.m2e.core.internal.builder.MavenBuilder$BuildMethod.execute(MavenBuilder.java:83)
	at org.eclipse.m2e.core.internal.builder.MavenBuilder.build(MavenBuilder.java:192)
	at org.eclipse.core.internal.events.BuildManager$2.run(BuildManager.java:1020)
	at org.eclipse.core.runtime.SafeRunner.run(SafeRunner.java:45)
	at org.eclipse.core.internal.events.BuildManager.basicBuild(BuildManager.java:247)
	at org.eclipse.core.internal.events.BuildManager.basicBuild(BuildManager.java:303)
	at org.eclipse.core.internal.events.BuildManager$1.run(BuildManager.java:392)
	at org.eclipse.core.runtime.SafeRunner.run(SafeRunner.java:45)
	at org.eclipse.core.internal.events.BuildManager.basicBuild(BuildManager.java:395)
	at org.eclipse.core.internal.events.BuildManager.basicBuildLoop(BuildManager.java:506)
	at org.eclipse.core.internal.events.BuildManager.basicBuildLoop(BuildManager.java:454)
	at org.eclipse.core.internal.events.BuildManager.build(BuildManager.java:536)
	at org.eclipse.core.internal.events.AutoBuildJob.doBuild(AutoBuildJob.java:196)
	at org.eclipse.core.internal.events.AutoBuildJob.run(AutoBuildJob.java:289)
	at org.eclipse.core.internal.jobs.Worker.run(Worker.java:63)
Caused by: java.lang.Exception: File not found: C:\Users\Lucas\Desktop\TestesUnitários\TestesUnitarios+-+inicio\TestesUnitarios\pom.xml.
	at org.eclipse.core.internal.resources.ResourceException.provideStackTrace(ResourceException.java:42)
	at org.eclipse.core.internal.resources.ResourceException.<init>(ResourceException.java:38)
	... 27 common frames omitted
2023-07-21 20:31:05,165 [Worker-40: Importing Maven projects] INFO  o.e.m.c.i.l.LifecycleMappingFactory - Using org.eclipse.m2e.jdt.JarLifecycleMapping lifecycle mapping for MavenProject: br.ce.wcaquino:TestesUnitarios:0.0.1-SNAPSHOT @ C:\temp\testes-unitarios\TestesUnitarios+-+inicio\TestesUnitarios\pom.xml.
2023-07-21 20:31:05,272 [Worker-40: Importing Maven projects] INFO  o.e.m.j.i.AbstractJavaProjectConfigurator - Adding source folder /TestesUnitarios/src/main/java
2023-07-21 20:31:05,272 [Worker-40: Importing Maven projects] INFO  o.e.m.j.i.AbstractJavaProjectConfigurator - Adding source folder /TestesUnitarios/src/test/java
2023-07-21 20:31:05,287 [Worker-40: Importing Maven projects] INFO  o.e.m.c.i.p.ProjectConfigurationManager - Imported and configured 1 project(s) in 0 sec
2023-07-21 20:31:05,499 [Worker-39: Building] WARN  o.e.m.c.i.embedder.EclipseLogger - Using platform encoding (Cp1252 actually) to copy filtered resources, i.e. build is platform dependent!
2023-07-21 20:31:05,500 [Worker-39: Building] INFO  o.e.m.c.i.embedder.EclipseLogger - skip non existing resourceDirectory C:\temp\testes-unitarios\TestesUnitarios+-+inicio\TestesUnitarios\src\main\resources
2023-07-21 20:31:05,502 [Worker-39: Building] WARN  o.e.m.c.i.embedder.EclipseLogger - Using platform encoding (Cp1252 actually) to copy filtered resources, i.e. build is platform dependent!
2023-07-21 20:31:05,502 [Worker-39: Building] INFO  o.e.m.c.i.embedder.EclipseLogger - skip non existing resourceDirectory C:\temp\testes-unitarios\TestesUnitarios+-+inicio\TestesUnitarios\src\test\resources
2023-07-21 20:42:42,175 [Worker-48: Building] INFO  o.e.m.c.i.l.LifecycleMappingFactory - Using org.eclipse.m2e.jdt.JarLifecycleMapping lifecycle mapping for MavenProject: br.ce.wcaquino:TestesUnitarios:0.0.1-SNAPSHOT @ C:\temp\testes-unitarios\TestesUnitarios+-+inicio\TestesUnitarios\pom.xml.
2023-07-21 20:42:42,484 [Worker-48: Building] WARN  o.e.m.c.i.embedder.EclipseLogger - Using platform encoding (Cp1252 actually) to copy filtered resources, i.e. build is platform dependent!
2023-07-21 20:42:42,485 [Worker-48: Building] INFO  o.e.m.c.i.embedder.EclipseLogger - skip non existing resourceDirectory C:\temp\testes-unitarios\TestesUnitarios+-+inicio\TestesUnitarios\src\main\resources
2023-07-21 20:42:42,487 [Worker-48: Building] WARN  o.e.m.c.i.embedder.EclipseLogger - Using platform encoding (Cp1252 actually) to copy filtered resources, i.e. build is platform dependent!
2023-07-21 20:42:42,488 [Worker-48: Building] INFO  o.e.m.c.i.embedder.EclipseLogger - skip non existing resourceDirectory C:\temp\testes-unitarios\TestesUnitarios+-+inicio\TestesUnitarios\src\test\resources
2023-07-21 20:42:43,488 [Worker-40: Download sources and javadoc] INFO  o.e.m.c.i.e.AbstractTransferListenerAdapter - Downloading https://repo.maven.apache.org/maven2/junit/junit/4.12/junit-4.12-sources.jar
2023-07-21 20:42:43,624 [Worker-40: Download sources and javadoc] INFO  o.e.m.c.i.e.AbstractTransferListenerAdapter - Downloaded https://repo.maven.apache.org/maven2/junit/junit/4.12/junit-4.12-sources.jar
2023-07-21 20:42:43,626 [Worker-40: Download sources and javadoc] INFO  o.e.m.j.internal.DownloadSourcesJob - Downloaded sources for junit:junit:4.12
2023-07-21 20:42:43,728 [Worker-40: Download sources and javadoc] INFO  o.e.m.c.i.e.AbstractTransferListenerAdapter - Downloading https://repo.maven.apache.org/maven2/org/hamcrest/hamcrest-core/1.3/hamcrest-core-1.3-sources.jar
2023-07-21 20:42:44,038 [Worker-40: Download sources and javadoc] INFO  o.e.m.c.i.e.AbstractTransferListenerAdapter - Downloaded https://repo.maven.apache.org/maven2/org/hamcrest/hamcrest-core/1.3/hamcrest-core-1.3-sources.jar
2023-07-21 20:42:44,039 [Worker-40: Download sources and javadoc] INFO  o.e.m.j.internal.DownloadSourcesJob - Downloaded sources for org.hamcrest:hamcrest-core:1.3
2023-07-21 20:43:54,689 [Worker-42: Building] WARN  o.e.m.c.i.embedder.EclipseLogger - Using platform encoding (Cp1252 actually) to copy filtered resources, i.e. build is platform dependent!
2023-07-21 20:43:54,690 [Worker-42: Building] INFO  o.e.m.c.i.embedder.EclipseLogger - skip non existing resourceDirectory C:\temp\testes-unitarios\TestesUnitarios+-+inicio\TestesUnitarios\src\main\resources
2023-07-21 20:43:54,691 [Worker-42: Building] WARN  o.e.m.c.i.embedder.EclipseLogger - Using platform encoding (Cp1252 actually) to copy filtered resources, i.e. build is platform dependent!
2023-07-21 20:43:54,692 [Worker-42: Building] INFO  o.e.m.c.i.embedder.EclipseLogger - skip non existing resourceDirectory C:\temp\testes-unitarios\TestesUnitarios+-+inicio\TestesUnitarios\src\test\resources
2023-07-21 20:44:17,774 [Worker-42: Building] WARN  o.e.m.c.i.embedder.EclipseLogger - Using platform encoding (Cp1252 actually) to copy filtered resources, i.e. build is platform dependent!
2023-07-21 20:44:17,775 [Worker-42: Building] INFO  o.e.m.c.i.embedder.EclipseLogger - skip non existing resourceDirectory C:\temp\testes-unitarios\TestesUnitarios+-+inicio\TestesUnitarios\src\main\resources
2023-07-21 20:44:17,776 [Worker-42: Building] WARN  o.e.m.c.i.embedder.EclipseLogger - Using platform encoding (Cp1252 actually) to copy filtered resources, i.e. build is platform dependent!
2023-07-21 20:44:17,777 [Worker-42: Building] INFO  o.e.m.c.i.embedder.EclipseLogger - skip non existing resourceDirectory C:\temp\testes-unitarios\TestesUnitarios+-+inicio\TestesUnitarios\src\test\resources
2023-07-21 20:45:30,913 [Worker-47: Building] WARN  o.e.m.c.i.embedder.EclipseLogger - Using platform encoding (Cp1252 actually) to copy filtered resources, i.e. build is platform dependent!
2023-07-21 20:45:30,913 [Worker-47: Building] INFO  o.e.m.c.i.embedder.EclipseLogger - skip non existing resourceDirectory C:\temp\testes-unitarios\TestesUnitarios+-+inicio\TestesUnitarios\src\main\resources
2023-07-21 20:45:30,914 [Worker-47: Building] WARN  o.e.m.c.i.embedder.EclipseLogger - Using platform encoding (Cp1252 actually) to copy filtered resources, i.e. build is platform dependent!
2023-07-21 20:45:30,915 [Worker-47: Building] INFO  o.e.m.c.i.embedder.EclipseLogger - skip non existing resourceDirectory C:\temp\testes-unitarios\TestesUnitarios+-+inicio\TestesUnitarios\src\test\resources
2023-07-21 20:46:59,384 [Worker-42: Building] WARN  o.e.m.c.i.embedder.EclipseLogger - Using platform encoding (Cp1252 actually) to copy filtered resources, i.e. build is platform dependent!
2023-07-21 20:46:59,384 [Worker-42: Building] INFO  o.e.m.c.i.embedder.EclipseLogger - skip non existing resourceDirectory C:\temp\testes-unitarios\TestesUnitarios+-+inicio\TestesUnitarios\src\main\resources
2023-07-21 20:46:59,385 [Worker-42: Building] WARN  o.e.m.c.i.embedder.EclipseLogger - Using platform encoding (Cp1252 actually) to copy filtered resources, i.e. build is platform dependent!
2023-07-21 20:46:59,386 [Worker-42: Building] INFO  o.e.m.c.i.embedder.EclipseLogger - skip non existing resourceDirectory C:\temp\testes-unitarios\TestesUnitarios+-+inicio\TestesUnitarios\src\test\resources
2023-07-21 20:47:36,798 [Worker-40: Building] WARN  o.e.m.c.i.embedder.EclipseLogger - Using platform encoding (Cp1252 actually) to copy filtered resources, i.e. build is platform dependent!
2023-07-21 20:47:36,799 [Worker-40: Building] INFO  o.e.m.c.i.embedder.EclipseLogger - skip non existing resourceDirectory C:\temp\testes-unitarios\TestesUnitarios+-+inicio\TestesUnitarios\src\main\resources
2023-07-21 20:47:36,800 [Worker-40: Building] WARN  o.e.m.c.i.embedder.EclipseLogger - Using platform encoding (Cp1252 actually) to copy filtered resources, i.e. build is platform dependent!
2023-07-21 20:47:36,800 [Worker-40: Building] INFO  o.e.m.c.i.embedder.EclipseLogger - skip non existing resourceDirectory C:\temp\testes-unitarios\TestesUnitarios+-+inicio\TestesUnitarios\src\test\resources
2023-07-21 20:48:43,433 [Worker-48: Building] WARN  o.e.m.c.i.embedder.EclipseLogger - Using platform encoding (Cp1252 actually) to copy filtered resources, i.e. build is platform dependent!
2023-07-21 20:48:43,433 [Worker-48: Building] INFO  o.e.m.c.i.embedder.EclipseLogger - skip non existing resourceDirectory C:\temp\testes-unitarios\TestesUnitarios+-+inicio\TestesUnitarios\src\main\resources
2023-07-21 20:48:43,434 [Worker-48: Building] WARN  o.e.m.c.i.embedder.EclipseLogger - Using platform encoding (Cp1252 actually) to copy filtered resources, i.e. build is platform dependent!
2023-07-21 20:48:43,434 [Worker-48: Building] INFO  o.e.m.c.i.embedder.EclipseLogger - skip non existing resourceDirectory C:\temp\testes-unitarios\TestesUnitarios+-+inicio\TestesUnitarios\src\test\resources
2023-07-21 20:55:00,334 [Worker-50: Building] WARN  o.e.m.c.i.embedder.EclipseLogger - Using platform encoding (Cp1252 actually) to copy filtered resources, i.e. build is platform dependent!
2023-07-21 20:55:00,335 [Worker-50: Building] INFO  o.e.m.c.i.embedder.EclipseLogger - skip non existing resourceDirectory C:\temp\testes-unitarios\TestesUnitarios+-+inicio\TestesUnitarios\src\main\resources
2023-07-21 20:55:00,338 [Worker-50: Building] WARN  o.e.m.c.i.embedder.EclipseLogger - Using platform encoding (Cp1252 actually) to copy filtered resources, i.e. build is platform dependent!
2023-07-21 20:55:00,339 [Worker-50: Building] INFO  o.e.m.c.i.embedder.EclipseLogger - skip non existing resourceDirectory C:\temp\testes-unitarios\TestesUnitarios+-+inicio\TestesUnitarios\src\test\resources
2023-07-21 20:55:22,688 [Worker-51: Building] WARN  o.e.m.c.i.embedder.EclipseLogger - Using platform encoding (Cp1252 actually) to copy filtered resources, i.e. build is platform dependent!
2023-07-21 20:55:22,689 [Worker-51: Building] INFO  o.e.m.c.i.embedder.EclipseLogger - skip non existing resourceDirectory C:\temp\testes-unitarios\TestesUnitarios+-+inicio\TestesUnitarios\src\main\resources
2023-07-21 20:55:22,690 [Worker-51: Building] WARN  o.e.m.c.i.embedder.EclipseLogger - Using platform encoding (Cp1252 actually) to copy filtered resources, i.e. build is platform dependent!
2023-07-21 20:55:22,691 [Worker-51: Building] INFO  o.e.m.c.i.embedder.EclipseLogger - skip non existing resourceDirectory C:\temp\testes-unitarios\TestesUnitarios+-+inicio\TestesUnitarios\src\test\resources
2023-07-21 20:55:25,943 [Worker-50: Building] WARN  o.e.m.c.i.embedder.EclipseLogger - Using platform encoding (Cp1252 actually) to copy filtered resources, i.e. build is platform dependent!
2023-07-21 20:55:25,943 [Worker-50: Building] INFO  o.e.m.c.i.embedder.EclipseLogger - skip non existing resourceDirectory C:\temp\testes-unitarios\TestesUnitarios+-+inicio\TestesUnitarios\src\main\resources
2023-07-21 20:55:25,944 [Worker-50: Building] WARN  o.e.m.c.i.embedder.EclipseLogger - Using platform encoding (Cp1252 actually) to copy filtered resources, i.e. build is platform dependent!
2023-07-21 20:55:25,945 [Worker-50: Building] INFO  o.e.m.c.i.embedder.EclipseLogger - skip non existing resourceDirectory C:\temp\testes-unitarios\TestesUnitarios+-+inicio\TestesUnitarios\src\test\resources
2023-07-21 20:55:33,097 [Worker-49: Building] WARN  o.e.m.c.i.embedder.EclipseLogger - Using platform encoding (Cp1252 actually) to copy filtered resources, i.e. build is platform dependent!
2023-07-21 20:55:33,098 [Worker-49: Building] INFO  o.e.m.c.i.embedder.EclipseLogger - skip non existing resourceDirectory C:\temp\testes-unitarios\TestesUnitarios+-+inicio\TestesUnitarios\src\main\resources
2023-07-21 20:55:33,099 [Worker-49: Building] WARN  o.e.m.c.i.embedder.EclipseLogger - Using platform encoding (Cp1252 actually) to copy filtered resources, i.e. build is platform dependent!
2023-07-21 20:55:33,100 [Worker-49: Building] INFO  o.e.m.c.i.embedder.EclipseLogger - skip non existing resourceDirectory C:\temp\testes-unitarios\TestesUnitarios+-+inicio\TestesUnitarios\src\test\resources
2023-07-21 20:57:02,560 [Worker-52: Building] WARN  o.e.m.c.i.embedder.EclipseLogger - Using platform encoding (Cp1252 actually) to copy filtered resources, i.e. build is platform dependent!
2023-07-21 20:57:02,560 [Worker-52: Building] INFO  o.e.m.c.i.embedder.EclipseLogger - skip non existing resourceDirectory C:\temp\testes-unitarios\TestesUnitarios+-+inicio\TestesUnitarios\src\main\resources
2023-07-21 20:57:02,562 [Worker-52: Building] WARN  o.e.m.c.i.embedder.EclipseLogger - Using platform encoding (Cp1252 actually) to copy filtered resources, i.e. build is platform dependent!
2023-07-21 20:57:02,562 [Worker-52: Building] INFO  o.e.m.c.i.embedder.EclipseLogger - skip non existing resourceDirectory C:\temp\testes-unitarios\TestesUnitarios+-+inicio\TestesUnitarios\src\test\resources
2023-07-21 20:57:18,515 [Worker-51: Building] WARN  o.e.m.c.i.embedder.EclipseLogger - Using platform encoding (Cp1252 actually) to copy filtered resources, i.e. build is platform dependent!
2023-07-21 20:57:18,515 [Worker-51: Building] INFO  o.e.m.c.i.embedder.EclipseLogger - skip non existing resourceDirectory C:\temp\testes-unitarios\TestesUnitarios+-+inicio\TestesUnitarios\src\main\resources
2023-07-21 20:57:18,516 [Worker-51: Building] WARN  o.e.m.c.i.embedder.EclipseLogger - Using platform encoding (Cp1252 actually) to copy filtered resources, i.e. build is platform dependent!
2023-07-21 20:57:18,517 [Worker-51: Building] INFO  o.e.m.c.i.embedder.EclipseLogger - skip non existing resourceDirectory C:\temp\testes-unitarios\TestesUnitarios+-+inicio\TestesUnitarios\src\test\resources
2023-07-21 20:57:29,965 [Worker-40: Building] WARN  o.e.m.c.i.embedder.EclipseLogger - Using platform encoding (Cp1252 actually) to copy filtered resources, i.e. build is platform dependent!
2023-07-21 20:57:29,966 [Worker-40: Building] INFO  o.e.m.c.i.embedder.EclipseLogger - skip non existing resourceDirectory C:\temp\testes-unitarios\TestesUnitarios+-+inicio\TestesUnitarios\src\main\resources
2023-07-21 20:57:29,967 [Worker-40: Building] WARN  o.e.m.c.i.embedder.EclipseLogger - Using platform encoding (Cp1252 actually) to copy filtered resources, i.e. build is platform dependent!
2023-07-21 20:57:29,968 [Worker-40: Building] INFO  o.e.m.c.i.embedder.EclipseLogger - skip non existing resourceDirectory C:\temp\testes-unitarios\TestesUnitarios+-+inicio\TestesUnitarios\src\test\resources
2023-07-21 20:58:55,989 [Worker-52: Building] WARN  o.e.m.c.i.embedder.EclipseLogger - Using platform encoding (Cp1252 actually) to copy filtered resources, i.e. build is platform dependent!
2023-07-21 20:58:55,989 [Worker-52: Building] INFO  o.e.m.c.i.embedder.EclipseLogger - skip non existing resourceDirectory C:\temp\testes-unitarios\TestesUnitarios+-+inicio\TestesUnitarios\src\main\resources
2023-07-21 20:58:55,990 [Worker-52: Building] WARN  o.e.m.c.i.embedder.EclipseLogger - Using platform encoding (Cp1252 actually) to copy filtered resources, i.e. build is platform dependent!
2023-07-21 20:58:55,991 [Worker-52: Building] INFO  o.e.m.c.i.embedder.EclipseLogger - skip non existing resourceDirectory C:\temp\testes-unitarios\TestesUnitarios+-+inicio\TestesUnitarios\src\test\resources
2023-07-21 20:59:39,060 [Worker-51: Building] WARN  o.e.m.c.i.embedder.EclipseLogger - Using platform encoding (Cp1252 actually) to copy filtered resources, i.e. build is platform dependent!
2023-07-21 20:59:39,060 [Worker-51: Building] INFO  o.e.m.c.i.embedder.EclipseLogger - skip non existing resourceDirectory C:\temp\testes-unitarios\TestesUnitarios+-+inicio\TestesUnitarios\src\main\resources
2023-07-21 20:59:39,062 [Worker-51: Building] WARN  o.e.m.c.i.embedder.EclipseLogger - Using platform encoding (Cp1252 actually) to copy filtered resources, i.e. build is platform dependent!
2023-07-21 20:59:39,063 [Worker-51: Building] INFO  o.e.m.c.i.embedder.EclipseLogger - skip non existing resourceDirectory C:\temp\testes-unitarios\TestesUnitarios+-+inicio\TestesUnitarios\src\test\resources
2023-07-21 20:59:53,797 [Worker-53: Building] WARN  o.e.m.c.i.embedder.EclipseLogger - Using platform encoding (Cp1252 actually) to copy filtered resources, i.e. build is platform dependent!
2023-07-21 20:59:53,798 [Worker-53: Building] INFO  o.e.m.c.i.embedder.EclipseLogger - skip non existing resourceDirectory C:\temp\testes-unitarios\TestesUnitarios+-+inicio\TestesUnitarios\src\main\resources
2023-07-21 20:59:53,799 [Worker-53: Building] WARN  o.e.m.c.i.embedder.EclipseLogger - Using platform encoding (Cp1252 actually) to copy filtered resources, i.e. build is platform dependent!
2023-07-21 20:59:53,800 [Worker-53: Building] INFO  o.e.m.c.i.embedder.EclipseLogger - skip non existing resourceDirectory C:\temp\testes-unitarios\TestesUnitarios+-+inicio\TestesUnitarios\src\test\resources
2023-07-21 21:02:23,766 [Worker-50: Building] WARN  o.e.m.c.i.embedder.EclipseLogger - Using platform encoding (Cp1252 actually) to copy filtered resources, i.e. build is platform dependent!
2023-07-21 21:02:23,767 [Worker-50: Building] INFO  o.e.m.c.i.embedder.EclipseLogger - skip non existing resourceDirectory C:\temp\testes-unitarios\TestesUnitarios+-+inicio\TestesUnitarios\src\main\resources
2023-07-21 21:02:23,768 [Worker-50: Building] WARN  o.e.m.c.i.embedder.EclipseLogger - Using platform encoding (Cp1252 actually) to copy filtered resources, i.e. build is platform dependent!
2023-07-21 21:02:23,768 [Worker-50: Building] INFO  o.e.m.c.i.embedder.EclipseLogger - skip non existing resourceDirectory C:\temp\testes-unitarios\TestesUnitarios+-+inicio\TestesUnitarios\src\test\resources
2023-07-21 21:04:11,692 [Worker-53: Building] WARN  o.e.m.c.i.embedder.EclipseLogger - Using platform encoding (Cp1252 actually) to copy filtered resources, i.e. build is platform dependent!
2023-07-21 21:04:11,692 [Worker-53: Building] INFO  o.e.m.c.i.embedder.EclipseLogger - skip non existing resourceDirectory C:\temp\testes-unitarios\TestesUnitarios+-+inicio\TestesUnitarios\src\main\resources
2023-07-21 21:04:11,693 [Worker-53: Building] WARN  o.e.m.c.i.embedder.EclipseLogger - Using platform encoding (Cp1252 actually) to copy filtered resources, i.e. build is platform dependent!
2023-07-21 21:04:11,694 [Worker-53: Building] INFO  o.e.m.c.i.embedder.EclipseLogger - skip non existing resourceDirectory C:\temp\testes-unitarios\TestesUnitarios+-+inicio\TestesUnitarios\src\test\resources
2023-07-21 21:04:43,492 [Worker-52: Building] WARN  o.e.m.c.i.embedder.EclipseLogger - Using platform encoding (Cp1252 actually) to copy filtered resources, i.e. build is platform dependent!
2023-07-21 21:04:43,492 [Worker-52: Building] INFO  o.e.m.c.i.embedder.EclipseLogger - skip non existing resourceDirectory C:\temp\testes-unitarios\TestesUnitarios+-+inicio\TestesUnitarios\src\main\resources
2023-07-21 21:04:43,493 [Worker-52: Building] WARN  o.e.m.c.i.embedder.EclipseLogger - Using platform encoding (Cp1252 actually) to copy filtered resources, i.e. build is platform dependent!
2023-07-21 21:04:43,494 [Worker-52: Building] INFO  o.e.m.c.i.embedder.EclipseLogger - skip non existing resourceDirectory C:\temp\testes-unitarios\TestesUnitarios+-+inicio\TestesUnitarios\src\test\resources
2023-07-21 21:27:41,803 [Worker-56: Building] WARN  o.e.m.c.i.embedder.EclipseLogger - Using platform encoding (Cp1252 actually) to copy filtered resources, i.e. build is platform dependent!
2023-07-21 21:27:41,804 [Worker-56: Building] INFO  o.e.m.c.i.embedder.EclipseLogger - skip non existing resourceDirectory C:\temp\testes-unitarios\TestesUnitarios+-+inicio\TestesUnitarios\src\main\resources
2023-07-21 21:27:41,806 [Worker-56: Building] WARN  o.e.m.c.i.embedder.EclipseLogger - Using platform encoding (Cp1252 actually) to copy filtered resources, i.e. build is platform dependent!
2023-07-21 21:27:41,807 [Worker-56: Building] INFO  o.e.m.c.i.embedder.EclipseLogger - skip non existing resourceDirectory C:\temp\testes-unitarios\TestesUnitarios+-+inicio\TestesUnitarios\src\test\resources
2023-07-21 21:29:09,847 [Worker-58: Building] WARN  o.e.m.c.i.embedder.EclipseLogger - Using platform encoding (Cp1252 actually) to copy filtered resources, i.e. build is platform dependent!
2023-07-21 21:29:09,848 [Worker-58: Building] INFO  o.e.m.c.i.embedder.EclipseLogger - skip non existing resourceDirectory C:\temp\testes-unitarios\TestesUnitarios+-+inicio\TestesUnitarios\src\main\resources
2023-07-21 21:29:09,849 [Worker-58: Building] WARN  o.e.m.c.i.embedder.EclipseLogger - Using platform encoding (Cp1252 actually) to copy filtered resources, i.e. build is platform dependent!
2023-07-21 21:29:09,849 [Worker-58: Building] INFO  o.e.m.c.i.embedder.EclipseLogger - skip non existing resourceDirectory C:\temp\testes-unitarios\TestesUnitarios+-+inicio\TestesUnitarios\src\test\resources
2023-07-21 21:29:44,009 [Worker-56: Building] WARN  o.e.m.c.i.embedder.EclipseLogger - Using platform encoding (Cp1252 actually) to copy filtered resources, i.e. build is platform dependent!
2023-07-21 21:29:44,010 [Worker-56: Building] INFO  o.e.m.c.i.embedder.EclipseLogger - skip non existing resourceDirectory C:\temp\testes-unitarios\TestesUnitarios+-+inicio\TestesUnitarios\src\main\resources
2023-07-21 21:29:44,011 [Worker-56: Building] WARN  o.e.m.c.i.embedder.EclipseLogger - Using platform encoding (Cp1252 actually) to copy filtered resources, i.e. build is platform dependent!
2023-07-21 21:29:44,011 [Worker-56: Building] INFO  o.e.m.c.i.embedder.EclipseLogger - skip non existing resourceDirectory C:\temp\testes-unitarios\TestesUnitarios+-+inicio\TestesUnitarios\src\test\resources
2023-07-21 21:30:00,767 [Worker-60: Building] WARN  o.e.m.c.i.embedder.EclipseLogger - Using platform encoding (Cp1252 actually) to copy filtered resources, i.e. build is platform dependent!
2023-07-21 21:30:00,767 [Worker-60: Building] INFO  o.e.m.c.i.embedder.EclipseLogger - skip non existing resourceDirectory C:\temp\testes-unitarios\TestesUnitarios+-+inicio\TestesUnitarios\src\main\resources
2023-07-21 21:30:00,768 [Worker-60: Building] WARN  o.e.m.c.i.embedder.EclipseLogger - Using platform encoding (Cp1252 actually) to copy filtered resources, i.e. build is platform dependent!
2023-07-21 21:30:00,769 [Worker-60: Building] INFO  o.e.m.c.i.embedder.EclipseLogger - skip non existing resourceDirectory C:\temp\testes-unitarios\TestesUnitarios+-+inicio\TestesUnitarios\src\test\resources
2023-07-21 21:31:48,705 [Worker-59: Building] WARN  o.e.m.c.i.embedder.EclipseLogger - Using platform encoding (Cp1252 actually) to copy filtered resources, i.e. build is platform dependent!
2023-07-21 21:31:48,705 [Worker-59: Building] INFO  o.e.m.c.i.embedder.EclipseLogger - skip non existing resourceDirectory C:\temp\testes-unitarios\TestesUnitarios+-+inicio\TestesUnitarios\src\main\resources
2023-07-21 21:31:48,706 [Worker-59: Building] WARN  o.e.m.c.i.embedder.EclipseLogger - Using platform encoding (Cp1252 actually) to copy filtered resources, i.e. build is platform dependent!
2023-07-21 21:31:48,706 [Worker-59: Building] INFO  o.e.m.c.i.embedder.EclipseLogger - skip non existing resourceDirectory C:\temp\testes-unitarios\TestesUnitarios+-+inicio\TestesUnitarios\src\test\resources
2023-07-21 21:32:19,232 [Worker-55: Building] WARN  o.e.m.c.i.embedder.EclipseLogger - Using platform encoding (Cp1252 actually) to copy filtered resources, i.e. build is platform dependent!
2023-07-21 21:32:19,232 [Worker-55: Building] INFO  o.e.m.c.i.embedder.EclipseLogger - skip non existing resourceDirectory C:\temp\testes-unitarios\TestesUnitarios+-+inicio\TestesUnitarios\src\main\resources
2023-07-21 21:32:19,233 [Worker-55: Building] WARN  o.e.m.c.i.embedder.EclipseLogger - Using platform encoding (Cp1252 actually) to copy filtered resources, i.e. build is platform dependent!
2023-07-21 21:32:19,234 [Worker-55: Building] INFO  o.e.m.c.i.embedder.EclipseLogger - skip non existing resourceDirectory C:\temp\testes-unitarios\TestesUnitarios+-+inicio\TestesUnitarios\src\test\resources
2023-07-21 21:32:30,967 [Worker-59: Building] WARN  o.e.m.c.i.embedder.EclipseLogger - Using platform encoding (Cp1252 actually) to copy filtered resources, i.e. build is platform dependent!
2023-07-21 21:32:30,968 [Worker-59: Building] INFO  o.e.m.c.i.embedder.EclipseLogger - skip non existing resourceDirectory C:\temp\testes-unitarios\TestesUnitarios+-+inicio\TestesUnitarios\src\main\resources
2023-07-21 21:32:30,969 [Worker-59: Building] WARN  o.e.m.c.i.embedder.EclipseLogger - Using platform encoding (Cp1252 actually) to copy filtered resources, i.e. build is platform dependent!
2023-07-21 21:32:30,969 [Worker-59: Building] INFO  o.e.m.c.i.embedder.EclipseLogger - skip non existing resourceDirectory C:\temp\testes-unitarios\TestesUnitarios+-+inicio\TestesUnitarios\src\test\resources
2023-07-21 21:32:54,493 [Worker-61: Building] WARN  o.e.m.c.i.embedder.EclipseLogger - Using platform encoding (Cp1252 actually) to copy filtered resources, i.e. build is platform dependent!
2023-07-21 21:32:54,494 [Worker-61: Building] INFO  o.e.m.c.i.embedder.EclipseLogger - skip non existing resourceDirectory C:\temp\testes-unitarios\TestesUnitarios+-+inicio\TestesUnitarios\src\main\resources
2023-07-21 21:32:54,495 [Worker-61: Building] WARN  o.e.m.c.i.embedder.EclipseLogger - Using platform encoding (Cp1252 actually) to copy filtered resources, i.e. build is platform dependent!
2023-07-21 21:32:54,495 [Worker-61: Building] INFO  o.e.m.c.i.embedder.EclipseLogger - skip non existing resourceDirectory C:\temp\testes-unitarios\TestesUnitarios+-+inicio\TestesUnitarios\src\test\resources
2023-07-21 21:33:23,921 [Worker-56: Building] WARN  o.e.m.c.i.embedder.EclipseLogger - Using platform encoding (Cp1252 actually) to copy filtered resources, i.e. build is platform dependent!
2023-07-21 21:33:23,922 [Worker-56: Building] INFO  o.e.m.c.i.embedder.EclipseLogger - skip non existing resourceDirectory C:\temp\testes-unitarios\TestesUnitarios+-+inicio\TestesUnitarios\src\main\resources
2023-07-21 21:33:23,923 [Worker-56: Building] WARN  o.e.m.c.i.embedder.EclipseLogger - Using platform encoding (Cp1252 actually) to copy filtered resources, i.e. build is platform dependent!
2023-07-21 21:33:23,923 [Worker-56: Building] INFO  o.e.m.c.i.embedder.EclipseLogger - skip non existing resourceDirectory C:\temp\testes-unitarios\TestesUnitarios+-+inicio\TestesUnitarios\src\test\resources
2023-07-21 21:34:20,120 [Worker-60: Building] WARN  o.e.m.c.i.embedder.EclipseLogger - Using platform encoding (Cp1252 actually) to copy filtered resources, i.e. build is platform dependent!
2023-07-21 21:34:20,121 [Worker-60: Building] INFO  o.e.m.c.i.embedder.EclipseLogger - skip non existing resourceDirectory C:\temp\testes-unitarios\TestesUnitarios+-+inicio\TestesUnitarios\src\main\resources
2023-07-21 21:34:20,121 [Worker-60: Building] WARN  o.e.m.c.i.embedder.EclipseLogger - Using platform encoding (Cp1252 actually) to copy filtered resources, i.e. build is platform dependent!
2023-07-21 21:34:20,122 [Worker-60: Building] INFO  o.e.m.c.i.embedder.EclipseLogger - skip non existing resourceDirectory C:\temp\testes-unitarios\TestesUnitarios+-+inicio\TestesUnitarios\src\test\resources
2023-07-21 21:36:07,883 [Worker-61: Building] WARN  o.e.m.c.i.embedder.EclipseLogger - Using platform encoding (Cp1252 actually) to copy filtered resources, i.e. build is platform dependent!
2023-07-21 21:36:07,884 [Worker-61: Building] INFO  o.e.m.c.i.embedder.EclipseLogger - skip non existing resourceDirectory C:\temp\testes-unitarios\TestesUnitarios+-+inicio\TestesUnitarios\src\main\resources
2023-07-21 21:36:07,885 [Worker-61: Building] WARN  o.e.m.c.i.embedder.EclipseLogger - Using platform encoding (Cp1252 actually) to copy filtered resources, i.e. build is platform dependent!
2023-07-21 21:36:07,885 [Worker-61: Building] INFO  o.e.m.c.i.embedder.EclipseLogger - skip non existing resourceDirectory C:\temp\testes-unitarios\TestesUnitarios+-+inicio\TestesUnitarios\src\test\resources
2023-07-21 21:37:04,144 [Worker-61: Building] WARN  o.e.m.c.i.embedder.EclipseLogger - Using platform encoding (Cp1252 actually) to copy filtered resources, i.e. build is platform dependent!
2023-07-21 21:37:04,144 [Worker-61: Building] INFO  o.e.m.c.i.embedder.EclipseLogger - skip non existing resourceDirectory C:\temp\testes-unitarios\TestesUnitarios+-+inicio\TestesUnitarios\src\main\resources
2023-07-21 21:37:04,145 [Worker-61: Building] WARN  o.e.m.c.i.embedder.EclipseLogger - Using platform encoding (Cp1252 actually) to copy filtered resources, i.e. build is platform dependent!
2023-07-21 21:37:04,146 [Worker-61: Building] INFO  o.e.m.c.i.embedder.EclipseLogger - skip non existing resourceDirectory C:\temp\testes-unitarios\TestesUnitarios+-+inicio\TestesUnitarios\src\test\resources
2023-07-21 21:38:33,328 [Worker-55: Building] WARN  o.e.m.c.i.embedder.EclipseLogger - Using platform encoding (Cp1252 actually) to copy filtered resources, i.e. build is platform dependent!
2023-07-21 21:38:33,328 [Worker-55: Building] INFO  o.e.m.c.i.embedder.EclipseLogger - skip non existing resourceDirectory C:\temp\testes-unitarios\TestesUnitarios+-+inicio\TestesUnitarios\src\main\resources
2023-07-21 21:38:33,329 [Worker-55: Building] WARN  o.e.m.c.i.embedder.EclipseLogger - Using platform encoding (Cp1252 actually) to copy filtered resources, i.e. build is platform dependent!
2023-07-21 21:38:33,330 [Worker-55: Building] INFO  o.e.m.c.i.embedder.EclipseLogger - skip non existing resourceDirectory C:\temp\testes-unitarios\TestesUnitarios+-+inicio\TestesUnitarios\src\test\resources
2023-07-21 21:43:38,697 [Worker-62: Building] WARN  o.e.m.c.i.embedder.EclipseLogger - Using platform encoding (Cp1252 actually) to copy filtered resources, i.e. build is platform dependent!
2023-07-21 21:43:38,698 [Worker-62: Building] INFO  o.e.m.c.i.embedder.EclipseLogger - skip non existing resourceDirectory C:\temp\testes-unitarios\TestesUnitarios+-+inicio\TestesUnitarios\src\main\resources
2023-07-21 21:43:38,699 [Worker-62: Building] WARN  o.e.m.c.i.embedder.EclipseLogger - Using platform encoding (Cp1252 actually) to copy filtered resources, i.e. build is platform dependent!
2023-07-21 21:43:38,699 [Worker-62: Building] INFO  o.e.m.c.i.embedder.EclipseLogger - skip non existing resourceDirectory C:\temp\testes-unitarios\TestesUnitarios+-+inicio\TestesUnitarios\src\test\resources
2023-07-21 21:48:48,564 [Worker-69: Building] WARN  o.e.m.c.i.embedder.EclipseLogger - Using platform encoding (Cp1252 actually) to copy filtered resources, i.e. build is platform dependent!
2023-07-21 21:48:48,565 [Worker-69: Building] INFO  o.e.m.c.i.embedder.EclipseLogger - skip non existing resourceDirectory C:\temp\testes-unitarios\TestesUnitarios+-+inicio\TestesUnitarios\src\main\resources
2023-07-21 21:48:48,566 [Worker-69: Building] WARN  o.e.m.c.i.embedder.EclipseLogger - Using platform encoding (Cp1252 actually) to copy filtered resources, i.e. build is platform dependent!
2023-07-21 21:48:48,566 [Worker-69: Building] INFO  o.e.m.c.i.embedder.EclipseLogger - skip non existing resourceDirectory C:\temp\testes-unitarios\TestesUnitarios+-+inicio\TestesUnitarios\src\test\resources
2023-07-21 21:49:12,777 [Worker-72: Building] WARN  o.e.m.c.i.embedder.EclipseLogger - Using platform encoding (Cp1252 actually) to copy filtered resources, i.e. build is platform dependent!
2023-07-21 21:49:12,778 [Worker-72: Building] INFO  o.e.m.c.i.embedder.EclipseLogger - skip non existing resourceDirectory C:\temp\testes-unitarios\TestesUnitarios+-+inicio\TestesUnitarios\src\main\resources
2023-07-21 21:49:12,779 [Worker-72: Building] WARN  o.e.m.c.i.embedder.EclipseLogger - Using platform encoding (Cp1252 actually) to copy filtered resources, i.e. build is platform dependent!
2023-07-21 21:49:12,779 [Worker-72: Building] INFO  o.e.m.c.i.embedder.EclipseLogger - skip non existing resourceDirectory C:\temp\testes-unitarios\TestesUnitarios+-+inicio\TestesUnitarios\src\test\resources
2023-07-21 21:49:43,328 [Worker-72: Building] WARN  o.e.m.c.i.embedder.EclipseLogger - Using platform encoding (Cp1252 actually) to copy filtered resources, i.e. build is platform dependent!
2023-07-21 21:49:43,329 [Worker-72: Building] INFO  o.e.m.c.i.embedder.EclipseLogger - skip non existing resourceDirectory C:\temp\testes-unitarios\TestesUnitarios+-+inicio\TestesUnitarios\src\main\resources
2023-07-21 21:49:43,329 [Worker-72: Building] WARN  o.e.m.c.i.embedder.EclipseLogger - Using platform encoding (Cp1252 actually) to copy filtered resources, i.e. build is platform dependent!
2023-07-21 21:49:43,330 [Worker-72: Building] INFO  o.e.m.c.i.embedder.EclipseLogger - skip non existing resourceDirectory C:\temp\testes-unitarios\TestesUnitarios+-+inicio\TestesUnitarios\src\test\resources
2023-07-21 21:49:57,610 [Worker-73: Building] WARN  o.e.m.c.i.embedder.EclipseLogger - Using platform encoding (Cp1252 actually) to copy filtered resources, i.e. build is platform dependent!
2023-07-21 21:49:57,611 [Worker-73: Building] INFO  o.e.m.c.i.embedder.EclipseLogger - skip non existing resourceDirectory C:\temp\testes-unitarios\TestesUnitarios+-+inicio\TestesUnitarios\src\main\resources
2023-07-21 21:49:57,612 [Worker-73: Building] WARN  o.e.m.c.i.embedder.EclipseLogger - Using platform encoding (Cp1252 actually) to copy filtered resources, i.e. build is platform dependent!
2023-07-21 21:49:57,612 [Worker-73: Building] INFO  o.e.m.c.i.embedder.EclipseLogger - skip non existing resourceDirectory C:\temp\testes-unitarios\TestesUnitarios+-+inicio\TestesUnitarios\src\test\resources
2023-07-21 21:51:32,652 [Worker-67: Building] WARN  o.e.m.c.i.embedder.EclipseLogger - Using platform encoding (Cp1252 actually) to copy filtered resources, i.e. build is platform dependent!
2023-07-21 21:51:32,653 [Worker-67: Building] INFO  o.e.m.c.i.embedder.EclipseLogger - skip non existing resourceDirectory C:\temp\testes-unitarios\TestesUnitarios+-+inicio\TestesUnitarios\src\main\resources
2023-07-21 21:51:32,654 [Worker-67: Building] WARN  o.e.m.c.i.embedder.EclipseLogger - Using platform encoding (Cp1252 actually) to copy filtered resources, i.e. build is platform dependent!
2023-07-21 21:51:32,654 [Worker-67: Building] INFO  o.e.m.c.i.embedder.EclipseLogger - skip non existing resourceDirectory C:\temp\testes-unitarios\TestesUnitarios+-+inicio\TestesUnitarios\src\test\resources
2023-07-21 21:51:49,334 [Worker-72: Building] WARN  o.e.m.c.i.embedder.EclipseLogger - Using platform encoding (Cp1252 actually) to copy filtered resources, i.e. build is platform dependent!
2023-07-21 21:51:49,335 [Worker-72: Building] INFO  o.e.m.c.i.embedder.EclipseLogger - skip non existing resourceDirectory C:\temp\testes-unitarios\TestesUnitarios+-+inicio\TestesUnitarios\src\main\resources
2023-07-21 21:51:49,336 [Worker-72: Building] WARN  o.e.m.c.i.embedder.EclipseLogger - Using platform encoding (Cp1252 actually) to copy filtered resources, i.e. build is platform dependent!
2023-07-21 21:51:49,336 [Worker-72: Building] INFO  o.e.m.c.i.embedder.EclipseLogger - skip non existing resourceDirectory C:\temp\testes-unitarios\TestesUnitarios+-+inicio\TestesUnitarios\src\test\resources
2023-07-21 21:52:09,323 [Worker-67: Building] WARN  o.e.m.c.i.embedder.EclipseLogger - Using platform encoding (Cp1252 actually) to copy filtered resources, i.e. build is platform dependent!
2023-07-21 21:52:09,323 [Worker-67: Building] INFO  o.e.m.c.i.embedder.EclipseLogger - skip non existing resourceDirectory C:\temp\testes-unitarios\TestesUnitarios+-+inicio\TestesUnitarios\src\main\resources
2023-07-21 21:52:09,324 [Worker-67: Building] WARN  o.e.m.c.i.embedder.EclipseLogger - Using platform encoding (Cp1252 actually) to copy filtered resources, i.e. build is platform dependent!
2023-07-21 21:52:09,325 [Worker-67: Building] INFO  o.e.m.c.i.embedder.EclipseLogger - skip non existing resourceDirectory C:\temp\testes-unitarios\TestesUnitarios+-+inicio\TestesUnitarios\src\test\resources
2023-07-21 21:52:13,644 [Worker-76: Building] WARN  o.e.m.c.i.embedder.EclipseLogger - Using platform encoding (Cp1252 actually) to copy filtered resources, i.e. build is platform dependent!
2023-07-21 21:52:13,645 [Worker-76: Building] INFO  o.e.m.c.i.embedder.EclipseLogger - skip non existing resourceDirectory C:\temp\testes-unitarios\TestesUnitarios+-+inicio\TestesUnitarios\src\main\resources
2023-07-21 21:52:13,646 [Worker-76: Building] WARN  o.e.m.c.i.embedder.EclipseLogger - Using platform encoding (Cp1252 actually) to copy filtered resources, i.e. build is platform dependent!
2023-07-21 21:52:13,647 [Worker-76: Building] INFO  o.e.m.c.i.embedder.EclipseLogger - skip non existing resourceDirectory C:\temp\testes-unitarios\TestesUnitarios+-+inicio\TestesUnitarios\src\test\resources
2023-07-21 21:53:17,334 [Worker-69: Building] WARN  o.e.m.c.i.embedder.EclipseLogger - Using platform encoding (Cp1252 actually) to copy filtered resources, i.e. build is platform dependent!
2023-07-21 21:53:17,335 [Worker-69: Building] INFO  o.e.m.c.i.embedder.EclipseLogger - skip non existing resourceDirectory C:\temp\testes-unitarios\TestesUnitarios+-+inicio\TestesUnitarios\src\main\resources
2023-07-21 21:53:17,336 [Worker-69: Building] WARN  o.e.m.c.i.embedder.EclipseLogger - Using platform encoding (Cp1252 actually) to copy filtered resources, i.e. build is platform dependent!
2023-07-21 21:53:17,336 [Worker-69: Building] INFO  o.e.m.c.i.embedder.EclipseLogger - skip non existing resourceDirectory C:\temp\testes-unitarios\TestesUnitarios+-+inicio\TestesUnitarios\src\test\resources
2023-07-21 21:54:16,573 [Worker-76: Building] WARN  o.e.m.c.i.embedder.EclipseLogger - Using platform encoding (Cp1252 actually) to copy filtered resources, i.e. build is platform dependent!
2023-07-21 21:54:16,574 [Worker-76: Building] INFO  o.e.m.c.i.embedder.EclipseLogger - skip non existing resourceDirectory C:\temp\testes-unitarios\TestesUnitarios+-+inicio\TestesUnitarios\src\main\resources
2023-07-21 21:54:16,575 [Worker-76: Building] WARN  o.e.m.c.i.embedder.EclipseLogger - Using platform encoding (Cp1252 actually) to copy filtered resources, i.e. build is platform dependent!
2023-07-21 21:54:16,575 [Worker-76: Building] INFO  o.e.m.c.i.embedder.EclipseLogger - skip non existing resourceDirectory C:\temp\testes-unitarios\TestesUnitarios+-+inicio\TestesUnitarios\src\test\resources
2023-07-21 21:54:27,457 [Worker-76: Building] WARN  o.e.m.c.i.embedder.EclipseLogger - Using platform encoding (Cp1252 actually) to copy filtered resources, i.e. build is platform dependent!
2023-07-21 21:54:27,457 [Worker-76: Building] INFO  o.e.m.c.i.embedder.EclipseLogger - skip non existing resourceDirectory C:\temp\testes-unitarios\TestesUnitarios+-+inicio\TestesUnitarios\src\main\resources
2023-07-21 21:54:27,458 [Worker-76: Building] WARN  o.e.m.c.i.embedder.EclipseLogger - Using platform encoding (Cp1252 actually) to copy filtered resources, i.e. build is platform dependent!
2023-07-21 21:54:27,459 [Worker-76: Building] INFO  o.e.m.c.i.embedder.EclipseLogger - skip non existing resourceDirectory C:\temp\testes-unitarios\TestesUnitarios+-+inicio\TestesUnitarios\src\test\resources
2023-07-21 21:54:34,881 [Worker-74: Building] WARN  o.e.m.c.i.embedder.EclipseLogger - Using platform encoding (Cp1252 actually) to copy filtered resources, i.e. build is platform dependent!
2023-07-21 21:54:34,881 [Worker-74: Building] INFO  o.e.m.c.i.embedder.EclipseLogger - skip non existing resourceDirectory C:\temp\testes-unitarios\TestesUnitarios+-+inicio\TestesUnitarios\src\main\resources
2023-07-21 21:54:34,882 [Worker-74: Building] WARN  o.e.m.c.i.embedder.EclipseLogger - Using platform encoding (Cp1252 actually) to copy filtered resources, i.e. build is platform dependent!
2023-07-21 21:54:34,882 [Worker-74: Building] INFO  o.e.m.c.i.embedder.EclipseLogger - skip non existing resourceDirectory C:\temp\testes-unitarios\TestesUnitarios+-+inicio\TestesUnitarios\src\test\resources
2023-07-21 21:54:52,549 [Worker-74: Building] WARN  o.e.m.c.i.embedder.EclipseLogger - Using platform encoding (Cp1252 actually) to copy filtered resources, i.e. build is platform dependent!
2023-07-21 21:54:52,549 [Worker-74: Building] INFO  o.e.m.c.i.embedder.EclipseLogger - skip non existing resourceDirectory C:\temp\testes-unitarios\TestesUnitarios+-+inicio\TestesUnitarios\src\main\resources
2023-07-21 21:54:52,551 [Worker-74: Building] WARN  o.e.m.c.i.embedder.EclipseLogger - Using platform encoding (Cp1252 actually) to copy filtered resources, i.e. build is platform dependent!
2023-07-21 21:54:52,551 [Worker-74: Building] INFO  o.e.m.c.i.embedder.EclipseLogger - skip non existing resourceDirectory C:\temp\testes-unitarios\TestesUnitarios+-+inicio\TestesUnitarios\src\test\resources
2023-07-21 21:55:38,018 [Worker-69: Building] WARN  o.e.m.c.i.embedder.EclipseLogger - Using platform encoding (Cp1252 actually) to copy filtered resources, i.e. build is platform dependent!
2023-07-21 21:55:38,019 [Worker-69: Building] INFO  o.e.m.c.i.embedder.EclipseLogger - skip non existing resourceDirectory C:\temp\testes-unitarios\TestesUnitarios+-+inicio\TestesUnitarios\src\main\resources
2023-07-21 21:55:38,020 [Worker-69: Building] WARN  o.e.m.c.i.embedder.EclipseLogger - Using platform encoding (Cp1252 actually) to copy filtered resources, i.e. build is platform dependent!
2023-07-21 21:55:38,020 [Worker-69: Building] INFO  o.e.m.c.i.embedder.EclipseLogger - skip non existing resourceDirectory C:\temp\testes-unitarios\TestesUnitarios+-+inicio\TestesUnitarios\src\test\resources
2023-07-21 21:56:24,680 [Worker-72: Building] WARN  o.e.m.c.i.embedder.EclipseLogger - Using platform encoding (Cp1252 actually) to copy filtered resources, i.e. build is platform dependent!
2023-07-21 21:56:24,681 [Worker-72: Building] INFO  o.e.m.c.i.embedder.EclipseLogger - skip non existing resourceDirectory C:\temp\testes-unitarios\TestesUnitarios+-+inicio\TestesUnitarios\src\main\resources
2023-07-21 21:56:24,682 [Worker-72: Building] WARN  o.e.m.c.i.embedder.EclipseLogger - Using platform encoding (Cp1252 actually) to copy filtered resources, i.e. build is platform dependent!
2023-07-21 21:56:24,682 [Worker-72: Building] INFO  o.e.m.c.i.embedder.EclipseLogger - skip non existing resourceDirectory C:\temp\testes-unitarios\TestesUnitarios+-+inicio\TestesUnitarios\src\test\resources
2023-07-21 21:56:28,784 [Worker-76: Building] WARN  o.e.m.c.i.embedder.EclipseLogger - Using platform encoding (Cp1252 actually) to copy filtered resources, i.e. build is platform dependent!
2023-07-21 21:56:28,785 [Worker-76: Building] INFO  o.e.m.c.i.embedder.EclipseLogger - skip non existing resourceDirectory C:\temp\testes-unitarios\TestesUnitarios+-+inicio\TestesUnitarios\src\main\resources
2023-07-21 21:56:28,786 [Worker-76: Building] WARN  o.e.m.c.i.embedder.EclipseLogger - Using platform encoding (Cp1252 actually) to copy filtered resources, i.e. build is platform dependent!
2023-07-21 21:56:28,786 [Worker-76: Building] INFO  o.e.m.c.i.embedder.EclipseLogger - skip non existing resourceDirectory C:\temp\testes-unitarios\TestesUnitarios+-+inicio\TestesUnitarios\src\test\resources
2023-07-21 21:57:19,757 [Worker-72: Building] WARN  o.e.m.c.i.embedder.EclipseLogger - Using platform encoding (Cp1252 actually) to copy filtered resources, i.e. build is platform dependent!
2023-07-21 21:57:19,758 [Worker-72: Building] INFO  o.e.m.c.i.embedder.EclipseLogger - skip non existing resourceDirectory C:\temp\testes-unitarios\TestesUnitarios+-+inicio\TestesUnitarios\src\main\resources
2023-07-21 21:57:19,759 [Worker-72: Building] WARN  o.e.m.c.i.embedder.EclipseLogger - Using platform encoding (Cp1252 actually) to copy filtered resources, i.e. build is platform dependent!
2023-07-21 21:57:19,759 [Worker-72: Building] INFO  o.e.m.c.i.embedder.EclipseLogger - skip non existing resourceDirectory C:\temp\testes-unitarios\TestesUnitarios+-+inicio\TestesUnitarios\src\test\resources
2023-07-21 21:59:13,627 [Worker-67: Building] WARN  o.e.m.c.i.embedder.EclipseLogger - Using platform encoding (Cp1252 actually) to copy filtered resources, i.e. build is platform dependent!
2023-07-21 21:59:13,628 [Worker-67: Building] INFO  o.e.m.c.i.embedder.EclipseLogger - skip non existing resourceDirectory C:\temp\testes-unitarios\TestesUnitarios+-+inicio\TestesUnitarios\src\main\resources
2023-07-21 21:59:13,629 [Worker-67: Building] WARN  o.e.m.c.i.embedder.EclipseLogger - Using platform encoding (Cp1252 actually) to copy filtered resources, i.e. build is platform dependent!
2023-07-21 21:59:13,629 [Worker-67: Building] INFO  o.e.m.c.i.embedder.EclipseLogger - skip non existing resourceDirectory C:\temp\testes-unitarios\TestesUnitarios+-+inicio\TestesUnitarios\src\test\resources
2023-07-21 22:00:41,564 [Worker-77: Launching LocacaoServiceTest] WARN  o.e.m.c.i.embedder.EclipseLogger - Using platform encoding (Cp1252 actually) to copy filtered resources, i.e. build is platform dependent!
2023-07-21 22:00:41,565 [Worker-77: Launching LocacaoServiceTest] INFO  o.e.m.c.i.embedder.EclipseLogger - skip non existing resourceDirectory C:\temp\testes-unitarios\TestesUnitarios+-+inicio\TestesUnitarios\src\main\resources
2023-07-21 22:00:41,566 [Worker-77: Launching LocacaoServiceTest] WARN  o.e.m.c.i.embedder.EclipseLogger - Using platform encoding (Cp1252 actually) to copy filtered resources, i.e. build is platform dependent!
2023-07-21 22:00:41,567 [Worker-77: Launching LocacaoServiceTest] INFO  o.e.m.c.i.embedder.EclipseLogger - skip non existing resourceDirectory C:\temp\testes-unitarios\TestesUnitarios+-+inicio\TestesUnitarios\src\test\resources
2023-07-21 22:05:27,007 [Worker-79: Building] WARN  o.e.m.c.i.embedder.EclipseLogger - Using platform encoding (Cp1252 actually) to copy filtered resources, i.e. build is platform dependent!
2023-07-21 22:05:27,008 [Worker-79: Building] INFO  o.e.m.c.i.embedder.EclipseLogger - skip non existing resourceDirectory C:\temp\testes-unitarios\TestesUnitarios+-+inicio\TestesUnitarios\src\main\resources
2023-07-21 22:05:27,009 [Worker-79: Building] WARN  o.e.m.c.i.embedder.EclipseLogger - Using platform encoding (Cp1252 actually) to copy filtered resources, i.e. build is platform dependent!
2023-07-21 22:05:27,009 [Worker-79: Building] INFO  o.e.m.c.i.embedder.EclipseLogger - skip non existing resourceDirectory C:\temp\testes-unitarios\TestesUnitarios+-+inicio\TestesUnitarios\src\test\resources
2023-07-21 22:07:39,317 [Worker-67: Building] WARN  o.e.m.c.i.embedder.EclipseLogger - Using platform encoding (Cp1252 actually) to copy filtered resources, i.e. build is platform dependent!
2023-07-21 22:07:39,317 [Worker-67: Building] INFO  o.e.m.c.i.embedder.EclipseLogger - skip non existing resourceDirectory C:\temp\testes-unitarios\TestesUnitarios+-+inicio\TestesUnitarios\src\main\resources
2023-07-21 22:07:39,318 [Worker-67: Building] WARN  o.e.m.c.i.embedder.EclipseLogger - Using platform encoding (Cp1252 actually) to copy filtered resources, i.e. build is platform dependent!
2023-07-21 22:07:39,319 [Worker-67: Building] INFO  o.e.m.c.i.embedder.EclipseLogger - skip non existing resourceDirectory C:\temp\testes-unitarios\TestesUnitarios+-+inicio\TestesUnitarios\src\test\resources
2023-07-21 22:09:42,781 [Worker-80: Building] WARN  o.e.m.c.i.embedder.EclipseLogger - Using platform encoding (Cp1252 actually) to copy filtered resources, i.e. build is platform dependent!
2023-07-21 22:09:42,782 [Worker-80: Building] INFO  o.e.m.c.i.embedder.EclipseLogger - skip non existing resourceDirectory C:\temp\testes-unitarios\TestesUnitarios+-+inicio\TestesUnitarios\src\main\resources
2023-07-21 22:09:42,782 [Worker-80: Building] WARN  o.e.m.c.i.embedder.EclipseLogger - Using platform encoding (Cp1252 actually) to copy filtered resources, i.e. build is platform dependent!
2023-07-21 22:09:42,783 [Worker-80: Building] INFO  o.e.m.c.i.embedder.EclipseLogger - skip non existing resourceDirectory C:\temp\testes-unitarios\TestesUnitarios+-+inicio\TestesUnitarios\src\test\resources
2023-07-21 22:10:13,957 [Worker-80: Building] WARN  o.e.m.c.i.embedder.EclipseLogger - Using platform encoding (Cp1252 actually) to copy filtered resources, i.e. build is platform dependent!
2023-07-21 22:10:13,958 [Worker-80: Building] INFO  o.e.m.c.i.embedder.EclipseLogger - skip non existing resourceDirectory C:\temp\testes-unitarios\TestesUnitarios+-+inicio\TestesUnitarios\src\main\resources
2023-07-21 22:10:13,959 [Worker-80: Building] WARN  o.e.m.c.i.embedder.EclipseLogger - Using platform encoding (Cp1252 actually) to copy filtered resources, i.e. build is platform dependent!
2023-07-21 22:10:13,959 [Worker-80: Building] INFO  o.e.m.c.i.embedder.EclipseLogger - skip non existing resourceDirectory C:\temp\testes-unitarios\TestesUnitarios+-+inicio\TestesUnitarios\src\test\resources
2023-07-21 22:16:48,440 [Worker-78: Building] WARN  o.e.m.c.i.embedder.EclipseLogger - Using platform encoding (Cp1252 actually) to copy filtered resources, i.e. build is platform dependent!
2023-07-21 22:16:48,440 [Worker-78: Building] INFO  o.e.m.c.i.embedder.EclipseLogger - skip non existing resourceDirectory C:\temp\testes-unitarios\TestesUnitarios+-+inicio\TestesUnitarios\src\main\resources
2023-07-21 22:16:48,441 [Worker-78: Building] WARN  o.e.m.c.i.embedder.EclipseLogger - Using platform encoding (Cp1252 actually) to copy filtered resources, i.e. build is platform dependent!
2023-07-21 22:16:48,442 [Worker-78: Building] INFO  o.e.m.c.i.embedder.EclipseLogger - skip non existing resourceDirectory C:\temp\testes-unitarios\TestesUnitarios+-+inicio\TestesUnitarios\src\test\resources
2023-07-21 22:19:03,085 [Worker-83: Building] WARN  o.e.m.c.i.embedder.EclipseLogger - Using platform encoding (Cp1252 actually) to copy filtered resources, i.e. build is platform dependent!
2023-07-21 22:19:03,086 [Worker-83: Building] INFO  o.e.m.c.i.embedder.EclipseLogger - skip non existing resourceDirectory C:\temp\testes-unitarios\TestesUnitarios+-+inicio\TestesUnitarios\src\main\resources
2023-07-21 22:19:03,087 [Worker-83: Building] WARN  o.e.m.c.i.embedder.EclipseLogger - Using platform encoding (Cp1252 actually) to copy filtered resources, i.e. build is platform dependent!
2023-07-21 22:19:03,088 [Worker-83: Building] INFO  o.e.m.c.i.embedder.EclipseLogger - skip non existing resourceDirectory C:\temp\testes-unitarios\TestesUnitarios+-+inicio\TestesUnitarios\src\test\resources
2023-07-21 22:20:05,689 [Worker-80: Building] WARN  o.e.m.c.i.embedder.EclipseLogger - Using platform encoding (Cp1252 actually) to copy filtered resources, i.e. build is platform dependent!
2023-07-21 22:20:05,690 [Worker-80: Building] INFO  o.e.m.c.i.embedder.EclipseLogger - skip non existing resourceDirectory C:\temp\testes-unitarios\TestesUnitarios+-+inicio\TestesUnitarios\src\main\resources
2023-07-21 22:20:05,691 [Worker-80: Building] WARN  o.e.m.c.i.embedder.EclipseLogger - Using platform encoding (Cp1252 actually) to copy filtered resources, i.e. build is platform dependent!
2023-07-21 22:20:05,691 [Worker-80: Building] INFO  o.e.m.c.i.embedder.EclipseLogger - skip non existing resourceDirectory C:\temp\testes-unitarios\TestesUnitarios+-+inicio\TestesUnitarios\src\test\resources
2023-07-21 22:20:27,467 [Worker-84: Building] WARN  o.e.m.c.i.embedder.EclipseLogger - Using platform encoding (Cp1252 actually) to copy filtered resources, i.e. build is platform dependent!
2023-07-21 22:20:27,467 [Worker-84: Building] INFO  o.e.m.c.i.embedder.EclipseLogger - skip non existing resourceDirectory C:\temp\testes-unitarios\TestesUnitarios+-+inicio\TestesUnitarios\src\main\resources
